0 verbose cli /usr/bin/node /usr/bin/npm
1 info using npm@10.8.0
2 info using node@v21.7.3
3 silly config load:file:/usr/lib/node_modules/npm/npmrc
4 silly config load:file:/home/user-lookup/.npmrc
5 silly config load:file:/home/.npmrc
6 silly config load:file:/etc/npmrc
7 verbose title npm i
8 verbose argv "i"
9 verbose logfile logs-max:10 dir:/home/.npm/_logs/2024-06-20T07_36_03_252Z-
10 verbose logfile /home/.npm/_logs/2024-06-20T07_36_03_252Z-debug-0.log
11 silly packumentCache heap:1979973632 maxSize:494993408 maxEntrySize:247496704
12 silly logfile start cleaning logs, removing 1 files
13 silly logfile done cleaning log files
14 silly idealTree buildDeps
15 silly reify moves {}
16 silly audit bulk request {
16 silly audit   accepts: [ '1.3.8' ],
16 silly audit   'array-flatten': [ '1.1.1' ],
16 silly audit   'body-parser': [ '1.20.2' ],
16 silly audit   bytes: [ '3.1.2' ],
16 silly audit   'call-bind': [ '1.0.7' ],
16 silly audit   'content-disposition': [ '0.5.4' ],
16 silly audit   'content-type': [ '1.0.5' ],
16 silly audit   cookie: [ '0.6.0' ],
16 silly audit   'cookie-signature': [ '1.0.6' ],
16 silly audit   debug: [ '2.6.9' ],
16 silly audit   'define-data-property': [ '1.1.4' ],
16 silly audit   depd: [ '2.0.0' ],
16 silly audit   destroy: [ '1.2.0' ],
16 silly audit   'ee-first': [ '1.1.1' ],
16 silly audit   encodeurl: [ '1.0.2' ],
16 silly audit   'es-define-property': [ '1.0.0' ],
16 silly audit   'es-errors': [ '1.3.0' ],
16 silly audit   'escape-html': [ '1.0.3' ],
16 silly audit   etag: [ '1.8.1' ],
16 silly audit   express: [ '4.19.2' ],
16 silly audit   finalhandler: [ '1.2.0' ],
16 silly audit   forwarded: [ '0.2.0' ],
16 silly audit   fresh: [ '0.5.2' ],
16 silly audit   'function-bind': [ '1.1.2' ],
16 silly audit   'get-intrinsic': [ '1.2.4' ],
16 silly audit   gopd: [ '1.0.1' ],
16 silly audit   'has-property-descriptors': [ '1.0.2' ],
16 silly audit   'has-proto': [ '1.0.3' ],
16 silly audit   'has-symbols': [ '1.0.3' ],
16 silly audit   hasown: [ '2.0.2' ],
16 silly audit   'http-errors': [ '2.0.0' ],
16 silly audit   'iconv-lite': [ '0.4.24' ],
16 silly audit   inherits: [ '2.0.4' ],
16 silly audit   'ipaddr.js': [ '1.9.1' ],
16 silly audit   'media-typer': [ '0.3.0' ],
16 silly audit   'merge-descriptors': [ '1.0.1' ],
16 silly audit   methods: [ '1.1.2' ],
16 silly audit   mime: [ '1.6.0' ],
16 silly audit   'mime-db': [ '1.52.0' ],
16 silly audit   'mime-types': [ '2.1.35' ],
16 silly audit   ms: [ '2.0.0', '2.1.3' ],
16 silly audit   negotiator: [ '0.6.3' ],
16 silly audit   'node-fetch': [ '2.7.0' ],
16 silly audit   'object-inspect': [ '1.13.1' ],
16 silly audit   'on-finished': [ '2.4.1' ],
16 silly audit   parseurl: [ '1.3.3' ],
16 silly audit   'path-to-regexp': [ '0.1.7' ],
16 silly audit   'proxy-addr': [ '2.0.7' ],
16 silly audit   qs: [ '6.11.0' ],
16 silly audit   'range-parser': [ '1.2.1' ],
16 silly audit   'raw-body': [ '2.5.2' ],
16 silly audit   'safe-buffer': [ '5.2.1' ],
16 silly audit   'safer-buffer': [ '2.1.2' ],
16 silly audit   send: [ '0.18.0' ],
16 silly audit   'serve-static': [ '1.15.0' ],
16 silly audit   'set-function-length': [ '1.2.2' ],
16 silly audit   setprototypeof: [ '1.2.0' ],
16 silly audit   'side-channel': [ '1.0.6' ],
16 silly audit   statuses: [ '2.0.1' ],
16 silly audit   toidentifier: [ '1.0.1' ],
16 silly audit   tr46: [ '0.0.3' ],
16 silly audit   'type-is': [ '1.6.18' ],
16 silly audit   unpipe: [ '1.0.0' ],
16 silly audit   'utils-merge': [ '1.0.1' ],
16 silly audit   vary: [ '1.1.2' ],
16 silly audit   'webidl-conversions': [ '3.0.1' ],
16 silly audit   'whatwg-url': [ '5.0.0' ]
16 silly audit }
17 silly audit bulk request failed undefined
18 http fetch POST 400 https://registry.npmjs.org/-/npm/v1/security/audits/quick 646ms
19 verbose audit error HttpErrorGeneral: 400 Bad Request - POST https://registry.npmjs.org/-/npm/v1/security/audits/quick - Bad Request
19 verbose audit error     at /usr/lib/node_modules/npm/node_modules/npm-registry-fetch/lib/check-response.js:95:15
19 verbose audit error     at process.processTicksAndRejections (node:internal/process/task_queues:95:5)
19 verbose audit error     at async [getReport] (/usr/lib/node_modules/npm/node_modules/@npmcli/arborist/lib/audit-report.js:336:21)
19 verbose audit error     at async AuditReport.run (/usr/lib/node_modules/npm/node_modules/@npmcli/arborist/lib/audit-report.js:106:19)
19 verbose audit error     at async Arborist.reify (/usr/lib/node_modules/npm/node_modules/@npmcli/arborist/lib/arborist/reify.js:268:24)
19 verbose audit error     at async Install.exec (/usr/lib/node_modules/npm/lib/commands/install.js:150:5)
19 verbose audit error     at async Npm.exec (/usr/lib/node_modules/npm/lib/npm.js:207:9)
19 verbose audit error     at async module.exports (/usr/lib/node_modules/npm/lib/cli/entry.js:74:5) {
19 verbose audit error   headers: [Object: null prototype] {
19 verbose audit error     date: [ 'Thu, 20 Jun 2024 07:36:17 GMT' ],
19 verbose audit error     'transfer-encoding': [ 'chunked' ],
19 verbose audit error     connection: [ 'keep-alive' ],
19 verbose audit error     'cf-ray': [ '896a1646ec802180-MAD' ],
19 verbose audit error     'cf-cache-status': [ 'DYNAMIC' ],
19 verbose audit error     vary: [ 'Accept-Encoding' ],
19 verbose audit error     server: [ 'cloudflare' ],
19 verbose audit error     'x-fetch-attempts': [ '1' ]
19 verbose audit error   },
19 verbose audit error   statusCode: 400,
19 verbose audit error   code: 'E400',
19 verbose audit error   method: 'POST',
19 verbose audit error   uri: 'https://registry.npmjs.org/-/npm/v1/security/audits/quick',
19 verbose audit error   body: {
19 verbose audit error     statusCode: 400,
19 verbose audit error     error: 'Bad Request',
19 verbose audit error     message: 'Invalid package tree, run  npm install  to rebuild your package-lock.json'
19 verbose audit error   },
19 verbose audit error   pkgid: undefined
19 verbose audit error }
20 silly audit error [object Object]
21 silly audit report null
22 silly ADD node_modules/whatwg-url
23 silly ADD node_modules/webidl-conversions
24 silly ADD node_modules/vary
25 silly ADD node_modules/utils-merge
26 silly ADD node_modules/unpipe
27 silly ADD node_modules/type-is
28 silly ADD node_modules/tr46
29 silly ADD node_modules/toidentifier
30 silly ADD node_modules/statuses
31 silly ADD node_modules/side-channel
32 silly ADD node_modules/setprototypeof
33 silly ADD node_modules/set-function-length
34 silly ADD node_modules/serve-static
35 silly ADD node_modules/send
36 silly ADD node_modules/send/node_modules/ms
37 silly ADD node_modules/safer-buffer
38 silly ADD node_modules/safe-buffer
39 silly ADD node_modules/raw-body
40 silly ADD node_modules/range-parser
41 silly ADD node_modules/qs
42 silly ADD node_modules/proxy-addr
43 silly ADD node_modules/path-to-regexp
44 silly ADD node_modules/parseurl
45 silly ADD node_modules/on-finished
46 silly ADD node_modules/object-inspect
47 silly ADD node_modules/node-fetch
48 silly ADD node_modules/negotiator
49 silly ADD node_modules/ms
50 silly ADD node_modules/mime-types
51 silly ADD node_modules/mime-db
52 silly ADD node_modules/mime
53 silly ADD node_modules/methods
54 silly ADD node_modules/merge-descriptors
55 silly ADD node_modules/media-typer
56 silly ADD node_modules/ipaddr.js
57 silly ADD node_modules/inherits
58 silly ADD node_modules/iconv-lite
59 silly ADD node_modules/http-errors
60 silly ADD node_modules/hasown
61 silly ADD node_modules/has-symbols
62 silly ADD node_modules/has-proto
63 silly ADD node_modules/has-property-descriptors
64 silly ADD node_modules/gopd
65 silly ADD node_modules/get-intrinsic
66 silly ADD node_modules/function-bind
67 silly ADD node_modules/fresh
68 silly ADD node_modules/forwarded
69 silly ADD node_modules/finalhandler
70 silly ADD node_modules/express
71 silly ADD node_modules/etag
72 silly ADD node_modules/escape-html
73 silly ADD node_modules/es-errors
74 silly ADD node_modules/es-define-property
75 silly ADD node_modules/encodeurl
76 silly ADD node_modules/ee-first
77 silly ADD node_modules/destroy
78 silly ADD node_modules/depd
79 silly ADD node_modules/define-data-property
80 silly ADD node_modules/debug
81 silly ADD node_modules/cookie-signature
82 silly ADD node_modules/cookie
83 silly ADD node_modules/content-type
84 silly ADD node_modules/content-disposition
85 silly ADD node_modules/call-bind
86 silly ADD node_modules/bytes
87 silly ADD node_modules/body-parser
88 silly ADD node_modules/array-flatten
89 silly ADD node_modules/accepts
90 verbose cwd /home/user-lookup
91 verbose os Linux 6.2.1-PRoot-Distro
92 verbose node v21.7.3
93 verbose npm  v10.8.0
94 verbose exit 0
95 info ok
