0 verbose cli /usr/bin/node /usr/bin/npm
1 info using npm@10.8.0
2 info using node@v21.7.3
3 silly config load:file:/usr/lib/node_modules/npm/npmrc
4 silly config load:file:/usr/local/lib/node_modules/observatory-cli/.npmrc
5 silly config load:file:/home/.npmrc
6 silly config load:file:/etc/npmrc
7 verbose title npm audit
8 verbose argv "audit"
9 verbose logfile logs-max:10 dir:/home/.npm/_logs/2024-06-18T18_51_08_243Z-
10 verbose logfile /home/.npm/_logs/2024-06-18T18_51_08_243Z-debug-0.log
11 silly packumentCache heap:1979973632 maxSize:494993408 maxEntrySize:247496704
12 silly logfile start cleaning logs, removing 1 files
13 silly logfile done cleaning log files
14 silly audit bulk request {
14 silly audit   acorn: [ '5.7.4', '3.3.0' ],
14 silly audit   'acorn-jsx': [ '3.0.1' ],
14 silly audit   'agent-base': [ '2.1.1' ],
14 silly audit   semver: [ '5.0.3', '5.3.0' ],
14 silly audit   ajv: [ '6.12.6', '4.11.8' ],
14 silly audit   'ajv-keywords': [ '1.5.1' ],
14 silly audit   alce: [ '1.0.0' ],
14 silly audit   estraverse: [ '1.3.2', '5.3.0', '4.3.0' ],
14 silly audit   'ansi-escapes': [ '1.4.0' ],
14 silly audit   'ansi-regex': [ '2.1.1', '3.0.1' ],
14 silly audit   'ansi-styles': [ '2.2.1' ],
14 silly audit   argparse: [ '1.0.10' ],
14 silly audit   'sprintf-js': [ '1.0.3', '1.1.3' ],
14 silly audit   'array-buffer-byte-length': [ '1.0.1' ],
14 silly audit   'arraybuffer.prototype.slice': [ '1.0.3' ],
14 silly audit   asynckit: [ '0.4.0' ],
14 silly audit   'available-typed-arrays': [ '1.0.7' ],
14 silly audit   axios: [ '1.7.2' ],
14 silly audit   'babel-code-frame': [ '6.26.0' ],
14 silly audit   'babel-messages': [ '6.23.0' ],
14 silly audit   'babel-runtime': [ '6.26.0' ],
14 silly audit   'babel-traverse': [ '6.26.0' ],
14 silly audit   'babel-types': [ '6.26.0' ],
14 silly audit   babylon: [ '6.18.0' ],
14 silly audit   'balanced-match': [ '1.0.2' ],
14 silly audit   boom: [ '2.10.1' ],
14 silly audit   'brace-expansion': [ '1.1.11' ],
14 silly audit   'buffer-from': [ '1.1.2' ],
14 silly audit   'builtin-modules': [ '1.1.1' ],
14 silly audit   'call-bind': [ '1.0.7' ],
14 silly audit   'caller-path': [ '0.1.0' ],
14 silly audit   callsites: [ '0.2.0' ],
14 silly audit   camelcase: [ '4.1.0' ],
14 silly audit   chalk: [ '1.1.3' ],
14 silly audit   'circular-json': [ '0.3.3' ],
14 silly audit   'cli-cursor': [ '1.0.2' ],
14 silly audit   'cli-table': [ '0.3.11' ],
14 silly audit   colors: [ '1.0.3', '1.4.0' ],
14 silly audit   'cli-width': [ '2.2.1' ],
14 silly audit   cliclopts: [ '1.1.1' ],
14 silly audit   clim: [ '1.1.1' ],
14 silly audit   cliui: [ '3.2.0' ],
14 silly audit   co: [ '4.6.0' ],
14 silly audit   'code-point-at': [ '1.1.0' ],
14 silly audit   'combined-stream': [ '1.0.8' ],
14 silly audit   commander: [ '2.20.3' ],
14 silly audit   'concat-map': [ '0.0.1' ],
14 silly audit   'concat-stream': [ '1.6.2' ],
14 silly audit   'core-js': [ '2.6.12' ],
14 silly audit   'core-util-is': [ '1.0.2' ],
14 silly audit   'cross-spawn': [ '4.0.2', '5.1.0' ],
14 silly audit   cvss: [ '1.0.5' ],
14 silly audit   d: [ '1.0.2' ],
14 silly audit   'data-view-buffer': [ '1.0.1' ],
14 silly audit   'data-view-byte-length': [ '1.0.1' ],
14 silly audit   'data-view-byte-offset': [ '1.0.0' ],
14 silly audit   debug: [ '2.6.9', '4.3.5' ],
14 silly audit   decamelize: [ '1.2.0' ],
14 silly audit   'deep-extend': [ '0.2.11', '0.6.0' ],
14 silly audit   'deep-is': [ '0.1.4' ],
14 silly audit   'define-data-property': [ '1.1.4' ],
14 silly audit   'define-properties': [ '1.2.1' ],
14 silly audit   'delayed-stream': [ '1.0.0' ],
14 silly audit   depcheck: [ '0.6.11' ],
14 silly audit   deprecate: [ '1.1.1' ],
14 silly audit   'deps-regex': [ '0.1.4' ],
14 silly audit   doctrine: [ '2.1.0' ],
14 silly audit   duplexer: [ '0.1.2' ],
14 silly audit   'error-ex': [ '1.3.2' ],
14 silly audit   'es-abstract': [ '1.23.3' ],
14 silly audit   'es-define-property': [ '1.0.0' ],
14 silly audit   'es-errors': [ '1.3.0' ],
14 silly audit   'es-object-atoms': [ '1.0.0' ],
14 silly audit   'es-set-tostringtag': [ '2.0.3' ],
14 silly audit   'es-to-primitive': [ '1.2.1' ],
14 silly audit   'es5-ext': [ '0.10.64' ],
14 silly audit   'es6-iterator': [ '2.0.3' ],
14 silly audit   'es6-map': [ '0.1.5' ],
14 silly audit   'es6-set': [ '0.1.6' ],
14 silly audit   'es6-symbol': [ '3.1.4' ],
14 silly audit   'es6-weak-map': [ '2.0.3' ],
14 silly audit   'escape-string-regexp': [ '1.0.5' ],
14 silly audit   escope: [ '3.6.0' ],
14 silly audit   eslint: [ '3.19.0' ],
14 silly audit   'eslint-plugin-node': [ '2.1.4' ],
14 silly audit   'eslint-plugin-promise': [ '3.8.0' ],
14 silly audit   esniff: [ '2.0.1' ],
14 silly audit   espree: [ '3.5.4' ],
14 silly audit   esprima: [ '1.0.4', '4.0.1' ],
14 silly audit   esquery: [ '1.5.0' ],
14 silly audit   esrecurse: [ '4.3.0' ],
14 silly audit   esutils: [ '2.0.3' ],
14 silly audit   'event-emitter': [ '0.3.5' ],
14 silly audit   'event-stream': [ '3.3.4' ],
14 silly audit   execa: [ '0.7.0' ],
14 silly audit   'exit-hook': [ '1.1.1' ],
14 silly audit   ext: [ '1.7.0' ],
14 silly audit   extend: [ '3.0.2' ],
14 silly audit   'extend-object': [ '1.0.0' ],
14 silly audit   'fast-deep-equal': [ '3.1.3' ],
14 silly audit   'fast-json-stable-stringify': [ '2.1.0' ],
14 silly audit   'fast-levenshtein': [ '2.0.6' ],
14 silly audit   figures: [ '1.7.0' ],
14 silly audit   'file-entry-cache': [ '2.0.0' ],
14 silly audit   'find-up': [ '1.1.2', '2.1.0' ],
14 silly audit   fixpack: [ '2.3.1' ],
14 silly audit   'flat-cache': [ '1.3.4' ],
14 silly audit   'follow-redirects': [ '1.15.6' ],
14 silly audit   'for-each': [ '0.3.3' ],
14 silly audit   'form-data': [ '4.0.0' ],
14 silly audit   from: [ '0.1.7' ],
14 silly audit   'fs.realpath': [ '1.0.0' ],
14 silly audit   'function-bind': [ '1.1.2' ],
14 silly audit   'function.prototype.name': [ '1.1.6' ],
14 silly audit   'functions-have-names': [ '1.2.3' ],
14 silly audit   'generate-function': [ '2.3.1' ],
14 silly audit   'generate-object-property': [ '1.2.0' ],
14 silly audit   'get-caller-file': [ '1.0.3' ],
14 silly audit   'get-intrinsic': [ '1.2.4' ],
14 silly audit   'get-stream': [ '3.0.0' ],
14 silly audit   'get-symbol-description': [ '1.0.2' ],
14 silly audit   glob: [ '7.2.3' ],
14 silly audit   globals: [ '9.18.0' ],
14 silly audit   globalthis: [ '1.0.4' ],
14 silly audit   gopd: [ '1.0.1' ],
14 silly audit   'graceful-fs': [ '4.2.11' ],
14 silly audit   'has-ansi': [ '2.0.0' ],
14 silly audit   'has-bigints': [ '1.0.2' ],
14 silly audit   'has-property-descriptors': [ '1.0.2' ],
14 silly audit   'has-proto': [ '1.0.3' ],
14 silly audit   'has-symbols': [ '1.0.3' ],
14 silly audit   'has-tostringtag': [ '1.0.2' ],
14 silly audit   hasown: [ '2.0.2' ],
14 silly audit   hoek: [ '2.16.3' ],
14 silly audit   'hosted-git-info': [ '2.8.9' ],
14 silly audit   'https-proxy-agent': [ '1.0.0' ],
14 silly audit   ignore: [ '3.3.10' ],
14 silly audit   imurmurhash: [ '0.1.4' ],
14 silly audit   inflight: [ '1.0.6' ],
14 silly audit   inherits: [ '2.0.4' ],
14 silly audit   ini: [ '1.3.8' ],
14 silly audit   inquirer: [ '0.12.0' ],
14 silly audit   'internal-slot': [ '1.0.7' ],
14 silly audit   interpret: [ '1.4.0' ],
14 silly audit   invariant: [ '2.2.4' ],
14 silly audit   'invert-kv': [ '1.0.0' ],
14 silly audit   'is-array-buffer': [ '3.0.4' ],
14 silly audit   'is-arrayish': [ '0.2.1' ],
14 silly audit   'is-bigint': [ '1.0.4' ],
14 silly audit   'is-boolean-object': [ '1.1.2' ],
14 silly audit   'is-callable': [ '1.2.7' ],
14 silly audit   'is-core-module': [ '2.13.1' ],
14 silly audit   'is-data-view': [ '1.0.1' ],
14 silly audit   'is-date-object': [ '1.0.5' ],
14 silly audit   'is-fullwidth-code-point': [ '1.0.0', '2.0.0' ],
14 silly audit   'is-my-ip-valid': [ '1.0.1' ],
14 silly audit   'is-my-json-valid': [ '2.20.6' ],
14 silly audit   'is-negative-zero': [ '2.0.3' ],
14 silly audit   'is-number-object': [ '1.0.7' ],
14 silly audit   'is-property': [ '1.0.2' ],
14 silly audit   'is-regex': [ '1.1.4' ],
14 silly audit   'is-resolvable': [ '1.1.0' ],
14 silly audit   'is-shared-array-buffer': [ '1.0.3' ],
14 silly audit   'is-stream': [ '1.1.0' ],
14 silly audit   'is-string': [ '1.0.7' ],
14 silly audit   'is-symbol': [ '1.0.4' ],
14 silly audit   'is-typed-array': [ '1.1.13' ],
14 silly audit   'is-utf8': [ '0.2.1' ],
14 silly audit   'is-weakref': [ '1.0.2' ],
14 silly audit   isarray: [ '2.0.5', '1.0.0' ],
14 silly audit   isemail: [ '1.2.0' ],
14 silly audit   isexe: [ '2.0.0' ],
14 silly audit   joi: [ '6.10.1' ],
14 silly audit   'js-tokens': [ '3.0.2' ],
14 silly audit   'js-yaml': [ '3.14.1' ],
14 silly audit   'json-schema-traverse': [ '0.4.1' ],
14 silly audit   'json-stable-stringify': [ '1.1.1' ],
14 silly audit   jsonify: [ '0.0.1' ],
14 silly audit   jsonpointer: [ '5.0.1' ],
14 silly audit   lcid: [ '1.0.0' ],
14 silly audit   levn: [ '0.3.0' ],
14 silly audit   'load-json-file': [ '1.1.0', '2.0.0' ],
14 silly audit   'strip-bom': [ '2.0.0', '3.0.0' ],
14 silly audit   'locate-path': [ '2.0.0' ],
14 silly audit   'path-exists': [ '3.0.0', '2.1.0' ],
14 silly audit   lodash: [ '4.17.21' ],
14 silly audit   'loose-envify': [ '1.4.0' ],
14 silly audit   'lru-cache': [ '4.1.5' ],
14 silly audit   'map-stream': [ '0.1.0' ],
14 silly audit   mem: [ '1.1.0' ],
14 silly audit   'mime-db': [ '1.52.0' ],
14 silly audit   'mime-types': [ '2.1.35' ],
14 silly audit   'mimic-fn': [ '1.2.0' ],
14 silly audit   minimatch: [ '3.1.2' ],
14 silly audit   minimist: [ '1.2.8', '0.0.10' ],
14 silly audit   mkdirp: [ '0.5.6' ],
14 silly audit   moment: [ '2.30.1' ],
14 silly audit   ms: [ '2.0.0', '2.1.2' ],
14 silly audit   'mute-stream': [ '0.0.5' ],
14 silly audit   'natural-compare': [ '1.4.0' ],
14 silly audit   'next-tick': [ '1.1.0' ],
14 silly audit   'nodesecurity-npm-utils': [ '5.0.0' ],
14 silly audit   'normalize-package-data': [ '2.5.0' ],
14 silly audit   'npm-run-all': [ '3.1.2' ],
14 silly audit   'npm-run-path': [ '2.0.2' ],
14 silly audit   nsp: [ '2.8.1' ],
14 silly audit   rc: [ '1.2.8', '0.6.0' ],
14 silly audit   'number-is-nan': [ '1.0.1' ],
14 silly audit   'object-assign': [ '4.1.1' ],
14 silly audit   'object-inspect': [ '1.13.1' ],
14 silly audit   'object-keys': [ '1.1.1' ],
14 silly audit   'object.assign': [ '4.1.5' ],
14 silly audit   once: [ '1.4.0' ],
14 silly audit   onetime: [ '1.1.0' ],
14 silly audit   optionator: [ '0.8.3' ],
14 silly audit   'os-homedir': [ '1.0.2' ],
14 silly audit   'os-locale': [ '2.1.0' ],
14 silly audit   'p-finally': [ '1.0.0' ],
14 silly audit   'p-limit': [ '1.3.0' ],
14 silly audit   'p-locate': [ '2.0.0' ],
14 silly audit   'p-try': [ '1.0.0' ],
14 silly audit   'parse-json': [ '2.2.0' ],
14 silly audit   'path-is-absolute': [ '1.0.1' ],
14 silly audit   'path-is-inside': [ '1.0.2' ],
14 silly audit   'path-key': [ '2.0.1' ],
14 silly audit   'path-parse': [ '1.0.7' ],
14 silly audit   'path-type': [ '1.1.0', '2.0.0' ],
14 silly audit   'pause-stream': [ '0.0.11' ],
14 silly audit   pify: [ '2.3.0' ],
14 silly audit   pinkie: [ '2.0.4' ],
14 silly audit   'pinkie-promise': [ '2.0.1' ],
14 silly audit   pluralize: [ '1.2.1' ],
14 silly audit   'possible-typed-array-names': [ '1.0.0' ],
14 silly audit   'prelude-ls': [ '1.1.2' ],
14 silly audit   'process-nextick-args': [ '2.0.1' ],
14 silly audit   progress: [ '1.1.8' ],
14 silly audit   'proxy-from-env': [ '1.1.0' ],
14 silly audit   'ps-tree': [ '1.2.0' ],
14 silly audit   pseudomap: [ '1.0.2' ],
14 silly audit   punycode: [ '2.3.1' ],
14 silly audit   'strip-json-comments': [ '0.1.3', '2.0.1' ],
14 silly audit   'read-pkg': [ '1.1.0', '2.0.0' ],
14 silly audit   'read-pkg-up': [ '1.0.1', '2.0.0' ],
14 silly audit   'readable-stream': [ '2.3.8' ],
14 silly audit   'safe-buffer': [ '5.1.2' ],
14 silly audit   readline2: [ '1.0.1' ],
14 silly audit   rechoir: [ '0.6.2' ],
14 silly audit   'regenerator-runtime': [ '0.11.1' ],
14 silly audit   'regexp.prototype.flags': [ '1.5.2' ],
14 silly audit   'require-directory': [ '2.1.1' ],
14 silly audit   'require-main-filename': [ '1.0.1' ],
14 silly audit   'require-package-name': [ '2.0.1' ],
14 silly audit   'require-uncached': [ '1.0.3' ],
14 silly audit   resolve: [ '1.22.8' ],
14 silly audit   'resolve-from': [ '1.0.1' ],
14 silly audit   'restore-cursor': [ '1.0.1' ],
14 silly audit   rimraf: [ '2.6.3' ],
14 silly audit   'run-async': [ '0.1.0' ],
14 silly audit   'rx-lite': [ '3.1.2' ],
14 silly audit   'safe-array-concat': [ '1.1.2' ],
14 silly audit   'safe-regex-test': [ '1.0.3' ],
14 silly audit   'set-blocking': [ '2.0.0' ],
14 silly audit   'set-function-length': [ '1.2.2' ],
14 silly audit   'set-function-name': [ '2.0.2' ],
14 silly audit   'shebang-command': [ '1.2.0' ],
14 silly audit   'shebang-regex': [ '1.0.0' ],
14 silly audit   'shell-quote': [ '1.8.1' ],
14 silly audit   shelljs: [ '0.7.8' ],
14 silly audit   'side-channel': [ '1.0.6' ],
14 silly audit   'signal-exit': [ '3.0.7' ],
14 silly audit   'slice-ansi': [ '0.0.4' ],
14 silly audit   'spdx-correct': [ '3.2.0' ],
14 silly audit   'spdx-exceptions': [ '2.5.0' ],
14 silly audit   'spdx-expression-parse': [ '3.0.1' ],
14 silly audit   'spdx-license-ids': [ '3.0.18' ],
14 silly audit   split: [ '0.3.3' ],
14 silly audit   'stream-combiner': [ '0.0.4' ],
14 silly audit   string_decoder: [ '1.1.1' ],
14 silly audit   'string-width': [ '1.0.2', '2.1.1' ],
14 silly audit   'string.prototype.padend': [ '3.1.6' ],
14 silly audit   'string.prototype.trim': [ '1.2.9' ],
14 silly audit   'string.prototype.trimend': [ '1.0.8' ],
14 silly audit   'string.prototype.trimstart': [ '1.0.8' ],
14 silly audit   'strip-ansi': [ '3.0.1', '4.0.0' ],
14 silly audit   'strip-eof': [ '1.0.0' ],
14 silly audit   subcommand: [ '2.1.1' ],
14 silly audit   'supports-color': [ '2.0.0' ],
14 silly audit   'supports-preserve-symlinks-flag': [ '1.0.0' ],
14 silly audit   table: [ '3.8.3' ],
14 silly audit   'text-table': [ '0.2.0' ],
14 silly audit   through: [ '2.3.8' ],
14 silly audit   'timeout-as-promise': [ '1.0.0' ],
14 silly audit   'to-fast-properties': [ '1.0.3' ],
14 silly audit   topo: [ '1.1.0' ],
14 silly audit   type: [ '2.7.3' ],
14 silly audit   'type-check': [ '0.3.2' ],
14 silly audit   'typed-array-buffer': [ '1.0.2' ],
14 silly audit   'typed-array-byte-length': [ '1.0.1' ],
14 silly audit   'typed-array-byte-offset': [ '1.0.2' ],
14 silly audit   'typed-array-length': [ '1.0.6' ],
14 silly audit   typedarray: [ '0.0.6' ],
14 silly audit   'unbox-primitive': [ '1.0.2' ],
14 silly audit   'uri-js': [ '4.4.1' ],
14 silly audit   'user-home': [ '2.0.0' ],
14 silly audit   'util-deprecate': [ '1.0.2' ],
14 silly audit   'validate-npm-package-license': [ '3.0.4' ],
14 silly audit   walkdir: [ '0.0.11' ],
14 silly audit   which: [ '1.3.1' ],
14 silly audit   'which-boxed-primitive': [ '1.0.2' ],
14 silly audit   'which-module': [ '2.0.1' ],
14 silly audit   'which-typed-array': [ '1.1.15' ],
14 silly audit   'word-wrap': [ '1.2.5' ],
14 silly audit   'wrap-ansi': [ '2.1.0' ],
14 silly audit   wrappy: [ '1.0.2' ],
14 silly audit   wreck: [ '6.3.0' ],
14 silly audit   write: [ '0.2.1' ],
14 silly audit   xtend: [ '4.0.2' ],
14 silly audit   y18n: [ '3.2.2' ],
14 silly audit   yallist: [ '2.1.2' ],
14 silly audit   yargs: [ '8.0.2' ],
14 silly audit   'yargs-parser': [ '7.0.0' ]
14 silly audit }
15 silly audit bulk request failed undefined
16 http fetch POST 400 https://registry.npmjs.org/-/npm/v1/security/audits/quick 593ms
17 verbose audit error HttpErrorGeneral: 400 Bad Request - POST https://registry.npmjs.org/-/npm/v1/security/audits/quick - Bad Request
17 verbose audit error     at /usr/lib/node_modules/npm/node_modules/npm-registry-fetch/lib/check-response.js:95:15
17 verbose audit error     at process.processTicksAndRejections (node:internal/process/task_queues:95:5)
17 verbose audit error     at async [getReport] (/usr/lib/node_modules/npm/node_modules/@npmcli/arborist/lib/audit-report.js:336:21)
17 verbose audit error     at async AuditReport.run (/usr/lib/node_modules/npm/node_modules/@npmcli/arborist/lib/audit-report.js:106:19)
17 verbose audit error     at async Arborist.audit (/usr/lib/node_modules/npm/node_modules/@npmcli/arborist/lib/arborist/index.js:254:24)
17 verbose audit error     at async Audit.auditAdvisories (/usr/lib/node_modules/npm/lib/commands/audit.js:69:5)
17 verbose audit error     at async Audit.exec (/usr/lib/node_modules/npm/lib/commands/audit.js:49:7)
17 verbose audit error     at async Npm.exec (/usr/lib/node_modules/npm/lib/npm.js:207:9)
17 verbose audit error     at async module.exports (/usr/lib/node_modules/npm/lib/cli/entry.js:74:5) {
17 verbose audit error   headers: [Object: null prototype] {
17 verbose audit error     date: [ 'Tue, 18 Jun 2024 18:51:20 GMT' ],
17 verbose audit error     'transfer-encoding': [ 'chunked' ],
17 verbose audit error     connection: [ 'keep-alive' ],
17 verbose audit error     'cf-ray': [ '895d785e2ae4367c-MAD' ],
17 verbose audit error     'cf-cache-status': [ 'DYNAMIC' ],
17 verbose audit error     vary: [ 'Accept-Encoding' ],
17 verbose audit error     server: [ 'cloudflare' ],
17 verbose audit error     'x-fetch-attempts': [ '1' ]
17 verbose audit error   },
17 verbose audit error   statusCode: 400,
17 verbose audit error   code: 'E400',
17 verbose audit error   method: 'POST',
17 verbose audit error   uri: 'https://registry.npmjs.org/-/npm/v1/security/audits/quick',
17 verbose audit error   body: {
17 verbose audit error     statusCode: 400,
17 verbose audit error     error: 'Bad Request',
17 verbose audit error     message: 'Invalid package tree, run  npm install  to rebuild your package-lock.json'
17 verbose audit error   },
17 verbose audit error   pkgid: undefined
17 verbose audit error }
18 silly audit error [object Object]
19 silly audit report null
20 warn audit 400 Bad Request - POST https://registry.npmjs.org/-/npm/v1/security/audits/quick - Bad Request
21 error audit endpoint returned an error
22 verbose cwd /usr/local/lib/node_modules/observatory-cli
23 verbose os Linux 6.2.1-PRoot-Distro
24 verbose node v21.7.3
25 verbose npm  v10.8.0
26 verbose exit 1
27 verbose code 1
28 error A complete log of this run can be found in: /home/.npm/_logs/2024-06-18T18_51_08_243Z-debug-0.log
