0 verbose cli /usr/bin/node /usr/bin/npm
1 info using npm@10.8.0
2 info using node@v21.7.3
3 silly config load:file:/usr/lib/node_modules/npm/npmrc
4 silly config load:file:/home/.npmrc
5 silly config load:file:/etc/npmrc
6 verbose title npm install observatory-cli
7 verbose argv "install" "--global" "observatory-cli"
8 verbose logfile logs-max:10 dir:/home/.npm/_logs/2024-06-18T19_03_17_810Z-
9 verbose logfile /home/.npm/_logs/2024-06-18T19_03_17_810Z-debug-0.log
10 silly packumentCache heap:1979973632 maxSize:494993408 maxEntrySize:247496704
11 silly logfile start cleaning logs, removing 1 files
12 silly logfile done cleaning log files
13 silly idealTree buildDeps
14 silly fetch manifest observatory-cli@*
15 silly packumentCache full:https://registry.npmjs.org/observatory-cli cache-miss
16 http fetch GET https://registry.npmjs.org/observatory-cli attempt 1 failed with ETIMEDOUT
17 http fetch GET 200 https://registry.npmjs.org/observatory-cli 14225ms (cache revalidated)
18 silly packumentCache full:https://registry.npmjs.org/observatory-cli set size:25480 disposed:false
19 silly placeDep ROOT observatory-cli@0.7.1 OK for:  want: *
20 silly fetch manifest chalk@^1.1.3
21 silly packumentCache full:https://registry.npmjs.org/chalk cache-miss
22 silly fetch manifest clim@^1.1.1
23 silly packumentCache full:https://registry.npmjs.org/clim cache-miss
24 silly fetch manifest commander@^2.9.0
25 silly packumentCache full:https://registry.npmjs.org/commander cache-miss
26 silly fetch manifest request@^2.74.0
27 silly packumentCache full:https://registry.npmjs.org/request cache-miss
28 silly fetch manifest request-promise@^4.1.1
29 silly packumentCache full:https://registry.npmjs.org/request-promise cache-miss
30 silly fetch manifest sprintf-js@^1.0.3
31 silly packumentCache full:https://registry.npmjs.org/sprintf-js cache-miss
32 silly fetch manifest timeout-as-promise@^1.0.0
33 silly packumentCache full:https://registry.npmjs.org/timeout-as-promise cache-miss
34 http fetch GET 200 https://registry.npmjs.org/chalk 414ms (cache revalidated)
35 silly packumentCache full:https://registry.npmjs.org/chalk set size:141416 disposed:false
36 http fetch GET 200 https://registry.npmjs.org/commander 467ms (cache revalidated)
37 silly packumentCache full:https://registry.npmjs.org/commander set size:942287 disposed:false
38 http fetch GET 200 https://registry.npmjs.org/request 499ms (cache revalidated)
39 silly packumentCache full:https://registry.npmjs.org/request set size:307320 disposed:false
40 http fetch GET 200 https://registry.npmjs.org/sprintf-js 512ms (cache revalidated)
41 silly packumentCache full:https://registry.npmjs.org/sprintf-js set size:20514 disposed:false
42 http fetch GET 200 https://registry.npmjs.org/clim 745ms (cache revalidated)
43 silly packumentCache full:https://registry.npmjs.org/clim set size:6913 disposed:false
44 http fetch GET 200 https://registry.npmjs.org/request-promise 901ms (cache revalidated)
45 silly packumentCache full:https://registry.npmjs.org/request-promise set size:127473 disposed:false
46 http fetch GET 200 https://registry.npmjs.org/timeout-as-promise 971ms (cache revalidated)
47 silly packumentCache full:https://registry.npmjs.org/timeout-as-promise set size:3815 disposed:false
48 silly placeDep node_modules/observatory-cli chalk@1.1.3 OK for: observatory-cli@0.7.1 want: ^1.1.3
49 silly placeDep node_modules/observatory-cli clim@1.1.1 OK for: observatory-cli@0.7.1 want: ^1.1.1
50 silly placeDep node_modules/observatory-cli commander@2.20.3 OK for: observatory-cli@0.7.1 want: ^2.9.0
51 silly placeDep node_modules/observatory-cli request@2.88.2 OK for: observatory-cli@0.7.1 want: ^2.74.0
52 silly placeDep node_modules/observatory-cli request-promise@4.2.6 OK for: observatory-cli@0.7.1 want: ^4.1.1
53 silly placeDep node_modules/observatory-cli sprintf-js@1.1.3 OK for: observatory-cli@0.7.1 want: ^1.0.3
54 silly placeDep node_modules/observatory-cli timeout-as-promise@1.0.0 OK for: observatory-cli@0.7.1 want: ^1.0.0
55 silly fetch manifest ansi-styles@^2.2.1
56 silly packumentCache full:https://registry.npmjs.org/ansi-styles cache-miss
57 silly fetch manifest escape-string-regexp@^1.0.2
58 silly packumentCache full:https://registry.npmjs.org/escape-string-regexp cache-miss
59 silly fetch manifest has-ansi@^2.0.0
60 silly packumentCache full:https://registry.npmjs.org/has-ansi cache-miss
61 silly fetch manifest strip-ansi@^3.0.0
62 silly packumentCache full:https://registry.npmjs.org/strip-ansi cache-miss
63 silly fetch manifest supports-color@^2.0.0
64 silly packumentCache full:https://registry.npmjs.org/supports-color cache-miss
65 silly fetch manifest aws-sign2@~0.7.0
66 silly packumentCache full:https://registry.npmjs.org/aws-sign2 cache-miss
67 silly fetch manifest aws4@^1.8.0
68 silly packumentCache full:https://registry.npmjs.org/aws4 cache-miss
69 http fetch GET 200 https://registry.npmjs.org/escape-string-regexp 257ms (cache revalidated)
70 silly packumentCache full:https://registry.npmjs.org/escape-string-regexp set size:22244 disposed:false
71 silly fetch manifest caseless@~0.12.0
72 silly packumentCache full:https://registry.npmjs.org/caseless cache-miss
73 http fetch GET 200 https://registry.npmjs.org/has-ansi 272ms (cache revalidated)
74 silly packumentCache full:https://registry.npmjs.org/has-ansi set size:24597 disposed:false
75 silly fetch manifest combined-stream@~1.0.6
76 silly packumentCache full:https://registry.npmjs.org/combined-stream cache-miss
77 http fetch GET 200 https://registry.npmjs.org/ansi-styles 287ms (cache revalidated)
78 silly packumentCache full:https://registry.npmjs.org/ansi-styles set size:66356 disposed:false
79 silly fetch manifest extend@~3.0.2
80 silly packumentCache full:https://registry.npmjs.org/extend cache-miss
81 http fetch GET 200 https://registry.npmjs.org/supports-color 310ms (cache revalidated)
82 silly packumentCache full:https://registry.npmjs.org/supports-color set size:113904 disposed:false
83 silly fetch manifest forever-agent@~0.6.1
84 silly packumentCache full:https://registry.npmjs.org/forever-agent cache-miss
85 http fetch GET 200 https://registry.npmjs.org/combined-stream 223ms (cache revalidated)
86 silly packumentCache full:https://registry.npmjs.org/combined-stream set size:40337 disposed:false
87 silly fetch manifest form-data@~2.3.2
88 silly packumentCache full:https://registry.npmjs.org/form-data cache-miss
89 http fetch GET 200 https://registry.npmjs.org/extend 242ms (cache revalidated)
90 silly packumentCache full:https://registry.npmjs.org/extend set size:25974 disposed:false
91 silly fetch manifest har-validator@~5.1.3
92 silly packumentCache full:https://registry.npmjs.org/har-validator cache-miss
93 http fetch GET 200 https://registry.npmjs.org/form-data 172ms (cache revalidated)
94 silly packumentCache full:https://registry.npmjs.org/form-data set size:117324 disposed:false
95 silly fetch manifest http-signature@~1.2.0
96 silly packumentCache full:https://registry.npmjs.org/http-signature cache-miss
97 http fetch GET 200 https://registry.npmjs.org/strip-ansi 755ms (cache revalidated)
98 silly packumentCache full:https://registry.npmjs.org/strip-ansi set size:43180 disposed:false
99 silly fetch manifest is-typedarray@~1.0.0
100 silly packumentCache full:https://registry.npmjs.org/is-typedarray cache-miss
101 http fetch GET 200 https://registry.npmjs.org/har-validator 234ms (cache revalidated)
102 silly packumentCache full:https://registry.npmjs.org/har-validator set size:122031 disposed:false
103 silly fetch manifest isstream@~0.1.2
104 silly packumentCache full:https://registry.npmjs.org/isstream cache-miss
105 http fetch GET 200 https://registry.npmjs.org/aws-sign2 806ms (cache revalidated)
106 silly packumentCache full:https://registry.npmjs.org/aws-sign2 set size:6079 disposed:false
107 silly fetch manifest json-stringify-safe@~5.0.1
108 silly packumentCache full:https://registry.npmjs.org/json-stringify-safe cache-miss
109 http fetch GET 200 https://registry.npmjs.org/aws4 814ms (cache revalidated)
110 silly packumentCache full:https://registry.npmjs.org/aws4 set size:93028 disposed:false
111 silly fetch manifest mime-types@~2.1.19
112 silly packumentCache full:https://registry.npmjs.org/mime-types cache-miss
113 http fetch GET 200 https://registry.npmjs.org/is-typedarray 256ms (cache revalidated)
114 silly packumentCache full:https://registry.npmjs.org/is-typedarray set size:3992 disposed:false
115 silly fetch manifest oauth-sign@~0.9.0
116 silly packumentCache full:https://registry.npmjs.org/oauth-sign cache-miss
117 http fetch GET 200 https://registry.npmjs.org/caseless 812ms (cache revalidated)
118 silly packumentCache full:https://registry.npmjs.org/caseless set size:17911 disposed:false
119 silly fetch manifest performance-now@^2.1.0
120 silly packumentCache full:https://registry.npmjs.org/performance-now cache-miss
121 http fetch GET 200 https://registry.npmjs.org/forever-agent 792ms (cache revalidated)
122 silly packumentCache full:https://registry.npmjs.org/forever-agent set size:10023 disposed:false
123 silly fetch manifest qs@~6.5.2
124 silly packumentCache full:https://registry.npmjs.org/qs cache-miss
125 http fetch GET 200 https://registry.npmjs.org/mime-types 302ms (cache revalidated)
126 silly packumentCache full:https://registry.npmjs.org/mime-types set size:131008 disposed:false
127 silly fetch manifest safe-buffer@^5.1.2
128 silly packumentCache full:https://registry.npmjs.org/safe-buffer cache-miss
129 http fetch GET 200 https://registry.npmjs.org/json-stringify-safe 335ms (cache revalidated)
130 silly packumentCache full:https://registry.npmjs.org/json-stringify-safe set size:8806 disposed:false
131 silly fetch manifest tough-cookie@~2.5.0
132 silly packumentCache full:https://registry.npmjs.org/tough-cookie cache-miss
133 http fetch GET 200 https://registry.npmjs.org/oauth-sign 316ms (cache revalidated)
134 silly packumentCache full:https://registry.npmjs.org/oauth-sign set size:15915 disposed:false
135 silly fetch manifest tunnel-agent@^0.6.0
136 silly packumentCache full:https://registry.npmjs.org/tunnel-agent cache-miss
137 http fetch GET 200 https://registry.npmjs.org/performance-now 289ms (cache revalidated)
138 silly packumentCache full:https://registry.npmjs.org/performance-now set size:19893 disposed:false
139 silly fetch manifest uuid@^3.3.2
140 silly packumentCache full:https://registry.npmjs.org/uuid cache-miss
141 http fetch GET 200 https://registry.npmjs.org/tough-cookie 273ms (cache revalidated)
142 silly packumentCache full:https://registry.npmjs.org/tough-cookie set size:171825 disposed:false
143 silly fetch manifest request-promise-core@1.1.4
144 silly packumentCache full:https://registry.npmjs.org/request-promise-core cache-miss
145 http fetch GET 200 https://registry.npmjs.org/safe-buffer 315ms (cache revalidated)
146 silly packumentCache full:https://registry.npmjs.org/safe-buffer set size:41183 disposed:false
147 silly fetch manifest bluebird@^3.5.0
148 silly packumentCache full:https://registry.npmjs.org/bluebird cache-miss
149 http fetch GET 200 https://registry.npmjs.org/qs 343ms (cache revalidated)
150 silly packumentCache full:https://registry.npmjs.org/qs set size:468213 disposed:false
151 silly fetch manifest stealthy-require@^1.1.1
152 silly packumentCache full:https://registry.npmjs.org/stealthy-require cache-miss
153 http fetch GET 200 https://registry.npmjs.org/http-signature 887ms (cache revalidated)
154 silly packumentCache full:https://registry.npmjs.org/http-signature set size:58585 disposed:false
155 silly fetch manifest tough-cookie@^2.3.3
156 silly packumentCache full:https://registry.npmjs.org/tough-cookie cache-hit
157 http fetch GET 200 https://registry.npmjs.org/isstream 823ms (cache revalidated)
158 silly packumentCache full:https://registry.npmjs.org/isstream set size:9114 disposed:false
159 http fetch GET 200 https://registry.npmjs.org/tunnel-agent 326ms (cache revalidated)
160 silly packumentCache full:https://registry.npmjs.org/tunnel-agent set size:12847 disposed:false
161 http fetch GET 200 https://registry.npmjs.org/uuid 337ms (cache revalidated)
162 silly packumentCache full:https://registry.npmjs.org/uuid set size:281614 disposed:false
163 http fetch GET 200 https://registry.npmjs.org/request-promise-core 401ms (cache revalidated)
164 silly packumentCache full:https://registry.npmjs.org/request-promise-core set size:18969 disposed:false
165 http fetch GET 200 https://registry.npmjs.org/stealthy-require 359ms (cache revalidated)
166 silly packumentCache full:https://registry.npmjs.org/stealthy-require set size:16828 disposed:false
167 http fetch GET 200 https://registry.npmjs.org/bluebird 406ms (cache revalidated)
168 silly packumentCache full:https://registry.npmjs.org/bluebird set size:491022 disposed:false
169 silly placeDep node_modules/observatory-cli ansi-styles@2.2.1 OK for: chalk@1.1.3 want: ^2.2.1
170 silly placeDep node_modules/observatory-cli escape-string-regexp@1.0.5 OK for: chalk@1.1.3 want: ^1.0.2
171 silly placeDep node_modules/observatory-cli has-ansi@2.0.0 OK for: chalk@1.1.3 want: ^2.0.0
172 silly placeDep node_modules/observatory-cli strip-ansi@3.0.1 OK for: chalk@1.1.3 want: ^3.0.0
173 silly placeDep node_modules/observatory-cli supports-color@2.0.0 OK for: chalk@1.1.3 want: ^2.0.0
174 silly fetch manifest ansi-regex@^2.0.0
175 silly packumentCache full:https://registry.npmjs.org/ansi-regex cache-miss
176 silly fetch manifest ansi-regex@^2.0.0
177 silly packumentCache full:https://registry.npmjs.org/ansi-regex cache-miss
178 http fetch GET 200 https://registry.npmjs.org/ansi-regex 175ms (cache revalidated)
179 silly packumentCache full:https://registry.npmjs.org/ansi-regex set size:45233 disposed:false
180 http fetch GET 200 https://registry.npmjs.org/ansi-regex 192ms (cache revalidated)
181 silly packumentCache full:https://registry.npmjs.org/ansi-regex set size:45233 disposed:false
182 silly packumentCache full:https://registry.npmjs.org/ansi-regex dispose
183 silly placeDep node_modules/observatory-cli ansi-regex@2.1.1 OK for: has-ansi@2.0.0 want: ^2.0.0
184 silly placeDep node_modules/observatory-cli aws-sign2@0.7.0 OK for: request@2.88.2 want: ~0.7.0
185 silly placeDep node_modules/observatory-cli aws4@1.13.0 OK for: request@2.88.2 want: ^1.8.0
186 silly placeDep node_modules/observatory-cli caseless@0.12.0 OK for: request@2.88.2 want: ~0.12.0
187 silly placeDep node_modules/observatory-cli combined-stream@1.0.8 OK for: request@2.88.2 want: ~1.0.6
188 silly placeDep node_modules/observatory-cli extend@3.0.2 OK for: request@2.88.2 want: ~3.0.2
189 silly placeDep node_modules/observatory-cli forever-agent@0.6.1 OK for: request@2.88.2 want: ~0.6.1
190 silly placeDep node_modules/observatory-cli form-data@2.3.3 OK for: request@2.88.2 want: ~2.3.2
191 silly placeDep node_modules/observatory-cli har-validator@5.1.5 OK for: request@2.88.2 want: ~5.1.3
192 silly placeDep node_modules/observatory-cli http-signature@1.2.0 OK for: request@2.88.2 want: ~1.2.0
193 silly placeDep node_modules/observatory-cli is-typedarray@1.0.0 OK for: request@2.88.2 want: ~1.0.0
194 silly placeDep node_modules/observatory-cli isstream@0.1.2 OK for: request@2.88.2 want: ~0.1.2
195 silly placeDep node_modules/observatory-cli json-stringify-safe@5.0.1 OK for: request@2.88.2 want: ~5.0.1
196 silly placeDep node_modules/observatory-cli mime-types@2.1.35 OK for: request@2.88.2 want: ~2.1.19
197 silly placeDep node_modules/observatory-cli oauth-sign@0.9.0 OK for: request@2.88.2 want: ~0.9.0
198 silly placeDep node_modules/observatory-cli performance-now@2.1.0 OK for: request@2.88.2 want: ^2.1.0
199 silly placeDep node_modules/observatory-cli qs@6.5.3 OK for: request@2.88.2 want: ~6.5.2
200 silly placeDep node_modules/observatory-cli safe-buffer@5.2.1 OK for: request@2.88.2 want: ^5.1.2
201 silly placeDep node_modules/observatory-cli tough-cookie@2.5.0 OK for: request@2.88.2 want: ~2.5.0
202 silly placeDep node_modules/observatory-cli tunnel-agent@0.6.0 OK for: request@2.88.2 want: ^0.6.0
203 silly placeDep node_modules/observatory-cli uuid@3.4.0 OK for: request@2.88.2 want: ^3.3.2
204 silly fetch manifest delayed-stream@~1.0.0
205 silly packumentCache full:https://registry.npmjs.org/delayed-stream cache-miss
206 silly fetch manifest asynckit@^0.4.0
207 silly packumentCache full:https://registry.npmjs.org/asynckit cache-miss
208 silly fetch manifest mime-types@^2.1.12
209 silly packumentCache full:https://registry.npmjs.org/mime-types cache-hit
210 silly fetch manifest ajv@^6.12.3
211 silly packumentCache full:https://registry.npmjs.org/ajv cache-miss
212 silly fetch manifest har-schema@^2.0.0
213 silly packumentCache full:https://registry.npmjs.org/har-schema cache-miss
214 silly fetch manifest assert-plus@^1.0.0
215 silly packumentCache full:https://registry.npmjs.org/assert-plus cache-miss
216 silly fetch manifest jsprim@^1.2.2
217 silly packumentCache full:https://registry.npmjs.org/jsprim cache-miss
218 silly fetch manifest sshpk@^1.7.0
219 silly packumentCache full:https://registry.npmjs.org/sshpk cache-miss
220 http fetch GET 200 https://registry.npmjs.org/sshpk 232ms (cache revalidated)
221 silly packumentCache full:https://registry.npmjs.org/sshpk set size:132915 disposed:false
222 silly fetch manifest mime-db@1.52.0
223 silly packumentCache full:https://registry.npmjs.org/mime-db cache-miss
224 http fetch GET 200 https://registry.npmjs.org/assert-plus 273ms (cache revalidated)
225 silly packumentCache full:https://registry.npmjs.org/assert-plus set size:16135 disposed:false
226 silly fetch manifest psl@^1.1.28
227 silly packumentCache full:https://registry.npmjs.org/psl cache-miss
228 http fetch GET 200 https://registry.npmjs.org/delayed-stream 296ms (cache revalidated)
229 silly packumentCache full:https://registry.npmjs.org/delayed-stream set size:15820 disposed:false
230 silly fetch manifest punycode@^2.1.1
231 silly packumentCache full:https://registry.npmjs.org/punycode cache-miss
232 http fetch GET 200 https://registry.npmjs.org/asynckit 323ms (cache revalidated)
233 silly packumentCache full:https://registry.npmjs.org/asynckit set size:17357 disposed:false
234 http fetch GET 200 https://registry.npmjs.org/jsprim 322ms (cache revalidated)
235 silly packumentCache full:https://registry.npmjs.org/jsprim set size:49417 disposed:false
236 http fetch GET 200 https://registry.npmjs.org/har-schema 336ms (cache revalidated)
237 silly packumentCache full:https://registry.npmjs.org/har-schema set size:23124 disposed:false
238 http fetch GET 200 https://registry.npmjs.org/ajv 434ms (cache revalidated)
239 silly packumentCache full:https://registry.npmjs.org/ajv set size:1805070 disposed:false
240 http fetch GET 200 https://registry.npmjs.org/psl 235ms (cache revalidated)
241 silly packumentCache full:https://registry.npmjs.org/psl set size:112921 disposed:false
242 http fetch GET 200 https://registry.npmjs.org/mime-db 249ms (cache revalidated)
243 silly packumentCache full:https://registry.npmjs.org/mime-db set size:159062 disposed:false
244 http fetch GET 200 https://registry.npmjs.org/punycode 714ms (cache revalidated)
245 silly packumentCache full:https://registry.npmjs.org/punycode set size:61302 disposed:false
246 silly placeDep node_modules/observatory-cli delayed-stream@1.0.0 OK for: combined-stream@1.0.8 want: ~1.0.0
247 silly placeDep node_modules/observatory-cli asynckit@0.4.0 OK for: form-data@2.3.3 want: ^0.4.0
248 silly placeDep node_modules/observatory-cli ajv@6.12.6 OK for: har-validator@5.1.5 want: ^6.12.3
249 silly placeDep node_modules/observatory-cli har-schema@2.0.0 OK for: har-validator@5.1.5 want: ^2.0.0
250 silly fetch manifest fast-deep-equal@^3.1.1
251 silly packumentCache full:https://registry.npmjs.org/fast-deep-equal cache-miss
252 silly fetch manifest fast-json-stable-stringify@^2.0.0
253 silly packumentCache full:https://registry.npmjs.org/fast-json-stable-stringify cache-miss
254 silly fetch manifest json-schema-traverse@^0.4.1
255 silly packumentCache full:https://registry.npmjs.org/json-schema-traverse cache-miss
256 silly fetch manifest uri-js@^4.2.2
257 silly packumentCache full:https://registry.npmjs.org/uri-js cache-miss
258 http fetch GET 200 https://registry.npmjs.org/fast-json-stable-stringify 142ms (cache revalidated)
259 silly packumentCache full:https://registry.npmjs.org/fast-json-stable-stringify set size:11337 disposed:false
260 http fetch GET 200 https://registry.npmjs.org/fast-deep-equal 159ms (cache revalidated)
261 silly packumentCache full:https://registry.npmjs.org/fast-deep-equal set size:48634 disposed:false
262 http fetch GET 200 https://registry.npmjs.org/uri-js 166ms (cache revalidated)
263 silly packumentCache full:https://registry.npmjs.org/uri-js set size:42559 disposed:false
264 http fetch GET 200 https://registry.npmjs.org/json-schema-traverse 178ms (cache revalidated)
265 silly packumentCache full:https://registry.npmjs.org/json-schema-traverse set size:23537 disposed:false
266 silly placeDep node_modules/observatory-cli fast-deep-equal@3.1.3 OK for: ajv@6.12.6 want: ^3.1.1
267 silly placeDep node_modules/observatory-cli fast-json-stable-stringify@2.1.0 OK for: ajv@6.12.6 want: ^2.0.0
268 silly placeDep node_modules/observatory-cli json-schema-traverse@0.4.1 OK for: ajv@6.12.6 want: ^0.4.1
269 silly placeDep node_modules/observatory-cli uri-js@4.4.1 OK for: ajv@6.12.6 want: ^4.2.2
270 silly fetch manifest punycode@^2.1.0
271 silly packumentCache full:https://registry.npmjs.org/punycode cache-hit
272 silly placeDep node_modules/observatory-cli assert-plus@1.0.0 OK for: http-signature@1.2.0 want: ^1.0.0
273 silly placeDep node_modules/observatory-cli jsprim@1.4.2 OK for: http-signature@1.2.0 want: ^1.2.2
274 silly placeDep node_modules/observatory-cli sshpk@1.18.0 OK for: http-signature@1.2.0 want: ^1.7.0
275 silly fetch manifest extsprintf@1.3.0
276 silly packumentCache full:https://registry.npmjs.org/extsprintf cache-miss
277 silly fetch manifest json-schema@0.4.0
278 silly packumentCache full:https://registry.npmjs.org/json-schema cache-miss
279 silly fetch manifest verror@1.10.0
280 silly packumentCache full:https://registry.npmjs.org/verror cache-miss
281 silly fetch manifest asn1@~0.2.3
282 silly packumentCache full:https://registry.npmjs.org/asn1 cache-miss
283 silly fetch manifest dashdash@^1.12.0
284 silly packumentCache full:https://registry.npmjs.org/dashdash cache-miss
285 silly fetch manifest getpass@^0.1.1
286 silly packumentCache full:https://registry.npmjs.org/getpass cache-miss
287 silly fetch manifest safer-buffer@^2.0.2
288 silly packumentCache full:https://registry.npmjs.org/safer-buffer cache-miss
289 http fetch GET 200 https://registry.npmjs.org/extsprintf 167ms (cache revalidated)
290 silly packumentCache full:https://registry.npmjs.org/extsprintf set size:16093 disposed:false
291 silly fetch manifest jsbn@~0.1.0
292 silly packumentCache full:https://registry.npmjs.org/jsbn cache-miss
293 http fetch GET 200 https://registry.npmjs.org/verror 193ms (cache revalidated)
294 silly packumentCache full:https://registry.npmjs.org/verror set size:50044 disposed:false
295 silly fetch manifest tweetnacl@~0.14.0
296 silly packumentCache full:https://registry.npmjs.org/tweetnacl cache-miss
297 http fetch GET 200 https://registry.npmjs.org/safer-buffer 232ms (cache revalidated)
298 silly packumentCache full:https://registry.npmjs.org/safer-buffer set size:18521 disposed:false
299 silly fetch manifest ecc-jsbn@~0.1.1
300 silly packumentCache full:https://registry.npmjs.org/ecc-jsbn cache-miss
301 http fetch GET 200 https://registry.npmjs.org/json-schema 245ms (cache revalidated)
302 silly packumentCache full:https://registry.npmjs.org/json-schema set size:15084 disposed:false
303 silly fetch manifest bcrypt-pbkdf@^1.0.0
304 silly packumentCache full:https://registry.npmjs.org/bcrypt-pbkdf cache-miss
305 http fetch GET 200 https://registry.npmjs.org/asn1 253ms (cache revalidated)
306 silly packumentCache full:https://registry.npmjs.org/asn1 set size:29893 disposed:false
307 http fetch GET 200 https://registry.npmjs.org/getpass 267ms (cache revalidated)
308 silly packumentCache full:https://registry.npmjs.org/getpass set size:13358 disposed:false
309 http fetch GET 200 https://registry.npmjs.org/tweetnacl 203ms (cache revalidated)
310 silly packumentCache full:https://registry.npmjs.org/tweetnacl set size:79790 disposed:false
311 http fetch GET 200 https://registry.npmjs.org/jsbn 254ms (cache revalidated)
312 silly packumentCache full:https://registry.npmjs.org/jsbn set size:8169 disposed:false
313 http fetch GET 200 https://registry.npmjs.org/dashdash 710ms (cache revalidated)
314 silly packumentCache full:https://registry.npmjs.org/dashdash set size:63751 disposed:false
315 http fetch GET 200 https://registry.npmjs.org/bcrypt-pbkdf 647ms (cache revalidated)
316 silly packumentCache full:https://registry.npmjs.org/bcrypt-pbkdf set size:6742 disposed:false
317 http fetch GET 200 https://registry.npmjs.org/ecc-jsbn 717ms (cache revalidated)
318 silly packumentCache full:https://registry.npmjs.org/ecc-jsbn set size:8870 disposed:false
319 silly placeDep node_modules/observatory-cli extsprintf@1.3.0 OK for: jsprim@1.4.2 want: 1.3.0
320 silly placeDep node_modules/observatory-cli json-schema@0.4.0 OK for: jsprim@1.4.2 want: 0.4.0
321 silly placeDep node_modules/observatory-cli verror@1.10.0 OK for: jsprim@1.4.2 want: 1.10.0
322 silly fetch manifest core-util-is@1.0.2
323 silly packumentCache full:https://registry.npmjs.org/core-util-is cache-miss
324 http fetch GET 200 https://registry.npmjs.org/core-util-is 120ms (cache revalidated)
325 silly packumentCache full:https://registry.npmjs.org/core-util-is set size:7163 disposed:false
326 silly placeDep node_modules/observatory-cli mime-db@1.52.0 OK for: mime-types@2.1.35 want: 1.52.0
327 silly fetch manifest request@^2.34
328 silly packumentCache full:https://registry.npmjs.org/request cache-hit
329 silly placeDep node_modules/observatory-cli bluebird@3.7.2 OK for: request-promise@4.2.6 want: ^3.5.0
330 silly placeDep node_modules/observatory-cli request-promise-core@1.1.4 OK for: request-promise@4.2.6 want: 1.1.4
331 silly placeDep node_modules/observatory-cli stealthy-require@1.1.1 OK for: request-promise@4.2.6 want: ^1.1.1
332 silly fetch manifest lodash@^4.17.19
333 silly packumentCache full:https://registry.npmjs.org/lodash cache-miss
334 http fetch GET 200 https://registry.npmjs.org/lodash 647ms (cache revalidated)
335 silly packumentCache full:https://registry.npmjs.org/lodash set size:242285 disposed:false
336 silly placeDep node_modules/observatory-cli lodash@4.17.21 OK for: request-promise-core@1.1.4 want: ^4.17.19
337 silly placeDep node_modules/observatory-cli asn1@0.2.6 OK for: sshpk@1.18.0 want: ~0.2.3
338 silly placeDep node_modules/observatory-cli bcrypt-pbkdf@1.0.2 OK for: sshpk@1.18.0 want: ^1.0.0
339 silly placeDep node_modules/observatory-cli dashdash@1.14.1 OK for: sshpk@1.18.0 want: ^1.12.0
340 silly placeDep node_modules/observatory-cli ecc-jsbn@0.1.2 OK for: sshpk@1.18.0 want: ~0.1.1
341 silly placeDep node_modules/observatory-cli getpass@0.1.7 OK for: sshpk@1.18.0 want: ^0.1.1
342 silly placeDep node_modules/observatory-cli jsbn@0.1.1 OK for: sshpk@1.18.0 want: ~0.1.0
343 silly placeDep node_modules/observatory-cli safer-buffer@2.1.2 OK for: sshpk@1.18.0 want: ^2.0.2
344 silly placeDep node_modules/observatory-cli tweetnacl@0.14.5 OK for: sshpk@1.18.0 want: ~0.14.0
345 silly fetch manifest safer-buffer@~2.1.0
346 silly packumentCache full:https://registry.npmjs.org/safer-buffer cache-hit
347 silly fetch manifest tweetnacl@^0.14.3
348 silly packumentCache full:https://registry.npmjs.org/tweetnacl cache-hit
349 silly fetch manifest safer-buffer@^2.1.0
350 silly packumentCache full:https://registry.npmjs.org/safer-buffer cache-hit
351 silly placeDep node_modules/observatory-cli psl@1.9.0 OK for: tough-cookie@2.5.0 want: ^1.1.28
352 silly placeDep node_modules/observatory-cli punycode@2.3.1 OK for: tough-cookie@2.5.0 want: ^2.1.1
353 silly placeDep node_modules/observatory-cli core-util-is@1.0.2 OK for: verror@1.10.0 want: 1.0.2
354 silly reify moves {}
355 warn deprecated har-validator@5.1.5: this library is no longer supported
356 warn deprecated request-promise@4.2.6: request-promise has been deprecated because it extends the now deprecated request package, see https://github.com/request/request/issues/3142
357 warn deprecated uuid@3.4.0: Please upgrade  to version 7 or higher.  Older versions may use Math.random() in certain circumstances, which is known to be problematic.  See https://v8.dev/blog/math-random for details.
358 warn deprecated request@2.88.2: request has been deprecated, see https://github.com/request/request/issues/3142
359 silly ADD node_modules/observatory-cli
360 silly ADD node_modules/observatory-cli/node_modules/core-util-is
361 silly ADD node_modules/observatory-cli/node_modules/punycode
362 silly ADD node_modules/observatory-cli/node_modules/psl
363 silly ADD node_modules/observatory-cli/node_modules/tweetnacl
364 silly ADD node_modules/observatory-cli/node_modules/safer-buffer
365 silly ADD node_modules/observatory-cli/node_modules/jsbn
366 silly ADD node_modules/observatory-cli/node_modules/getpass
367 silly ADD node_modules/observatory-cli/node_modules/ecc-jsbn
368 silly ADD node_modules/observatory-cli/node_modules/dashdash
369 silly ADD node_modules/observatory-cli/node_modules/bcrypt-pbkdf
370 silly ADD node_modules/observatory-cli/node_modules/asn1
371 silly ADD node_modules/observatory-cli/node_modules/lodash
372 silly ADD node_modules/observatory-cli/node_modules/stealthy-require
373 silly ADD node_modules/observatory-cli/node_modules/request-promise-core
374 silly ADD node_modules/observatory-cli/node_modules/bluebird
375 silly ADD node_modules/observatory-cli/node_modules/mime-db
376 silly ADD node_modules/observatory-cli/node_modules/verror
377 silly ADD node_modules/observatory-cli/node_modules/json-schema
378 silly ADD node_modules/observatory-cli/node_modules/extsprintf
379 silly ADD node_modules/observatory-cli/node_modules/sshpk
380 silly ADD node_modules/observatory-cli/node_modules/jsprim
381 silly ADD node_modules/observatory-cli/node_modules/assert-plus
382 silly ADD node_modules/observatory-cli/node_modules/uri-js
383 silly ADD node_modules/observatory-cli/node_modules/json-schema-traverse
384 silly ADD node_modules/observatory-cli/node_modules/fast-json-stable-stringify
385 silly ADD node_modules/observatory-cli/node_modules/fast-deep-equal
386 silly ADD node_modules/observatory-cli/node_modules/har-schema
387 silly ADD node_modules/observatory-cli/node_modules/ajv
388 silly ADD node_modules/observatory-cli/node_modules/asynckit
389 silly ADD node_modules/observatory-cli/node_modules/delayed-stream
390 silly ADD node_modules/observatory-cli/node_modules/uuid
391 silly ADD node_modules/observatory-cli/node_modules/tunnel-agent
392 silly ADD node_modules/observatory-cli/node_modules/tough-cookie
393 silly ADD node_modules/observatory-cli/node_modules/safe-buffer
394 silly ADD node_modules/observatory-cli/node_modules/qs
395 silly ADD node_modules/observatory-cli/node_modules/performance-now
396 silly ADD node_modules/observatory-cli/node_modules/oauth-sign
397 silly ADD node_modules/observatory-cli/node_modules/mime-types
398 silly ADD node_modules/observatory-cli/node_modules/json-stringify-safe
399 silly ADD node_modules/observatory-cli/node_modules/isstream
400 silly ADD node_modules/observatory-cli/node_modules/is-typedarray
401 silly ADD node_modules/observatory-cli/node_modules/http-signature
402 silly ADD node_modules/observatory-cli/node_modules/har-validator
403 silly ADD node_modules/observatory-cli/node_modules/form-data
404 silly ADD node_modules/observatory-cli/node_modules/forever-agent
405 silly ADD node_modules/observatory-cli/node_modules/extend
406 silly ADD node_modules/observatory-cli/node_modules/combined-stream
407 silly ADD node_modules/observatory-cli/node_modules/caseless
408 silly ADD node_modules/observatory-cli/node_modules/aws4
409 silly ADD node_modules/observatory-cli/node_modules/aws-sign2
410 silly ADD node_modules/observatory-cli/node_modules/ansi-regex
411 silly ADD node_modules/observatory-cli/node_modules/supports-color
412 silly ADD node_modules/observatory-cli/node_modules/strip-ansi
413 silly ADD node_modules/observatory-cli/node_modules/has-ansi
414 silly ADD node_modules/observatory-cli/node_modules/escape-string-regexp
415 silly ADD node_modules/observatory-cli/node_modules/ansi-styles
416 silly ADD node_modules/observatory-cli/node_modules/timeout-as-promise
417 silly ADD node_modules/observatory-cli/node_modules/sprintf-js
418 silly ADD node_modules/observatory-cli/node_modules/request-promise
419 silly ADD node_modules/observatory-cli/node_modules/request
420 silly ADD node_modules/observatory-cli/node_modules/commander
421 silly ADD node_modules/observatory-cli/node_modules/clim
422 silly ADD node_modules/observatory-cli/node_modules/chalk
423 verbose cwd /usr/local/lib/node_modules
424 verbose os Linux 6.2.1-PRoot-Distro
425 verbose node v21.7.3
426 verbose npm  v10.8.0
427 verbose exit 0
428 info ok
